<?xml version="1.0" encoding="UTF-8"?>
<testng-results skipped="0" failed="0" ignored="0" total="1" passed="1">
  <reporter-output>
  </reporter-output>
  <suite name="Default suite" duration-ms="2873" started-at="2020-06-27T12:57:28 ICT" finished-at="2020-06-27T12:57:31 ICT">
    <groups>
    </groups>
    <test name="Default test" duration-ms="2873" started-at="2020-06-27T12:57:28 ICT" finished-at="2020-06-27T12:57:31 ICT">
      <class name="Test.TestDAO">
        <test-method status="PASS" signature="setup()[pri:0, instance:Test.TestDAO@27a5f880]" name="setup" is-config="true" duration-ms="6" started-at="2020-06-27T12:57:28 ICT" finished-at="2020-06-27T12:57:28 ICT">
          <reporter-output>
          </reporter-output>
        </test-method> <!-- setup -->
        <test-method status="PASS" signature="TestDAO()[pri:0, instance:Test.TestDAO@27a5f880]" name="TestDAO" duration-ms="2830" started-at="2020-06-27T12:57:28 ICT" finished-at="2020-06-27T12:57:31 ICT">
          <reporter-output>
          </reporter-output>
        </test-method> <!-- TestDAO -->
        <test-method status="PASS" signature="destroy()[pri:0, instance:Test.TestDAO@27a5f880]" name="destroy" is-config="true" duration-ms="0" started-at="2020-06-27T12:57:31 ICT" finished-at="2020-06-27T12:57:31 ICT">
          <reporter-output>
          </reporter-output>
        </test-method> <!-- destroy -->
      </class> <!-- Test.TestDAO -->
    </test> <!-- Default test -->
  </suite> <!-- Default suite -->
</testng-results>
